This file contains any messages produced by compilers while
running configure, to aid debugging if configure makes a mistake.

It was created by gimp-plugin-template configure 2.2.0, which was
generated by GNU Autoconf 2.59.  Invocation command line was

  $ ./configure 

## --------- ##
## Platform. ##
## --------- ##

hostname = happy-laptop
uname -m = i686
uname -r = 2.6.31-17-generic
uname -s = Linux
uname -v = #54-Ubuntu SMP Thu Dec 10 16:20:31 UTC 2009

/usr/bin/uname -p = unknown
/bin/uname -X     = unknown

/bin/arch              = unknown
/usr/bin/arch -k       = unknown
/usr/convex/getsysinfo = unknown
hostinfo               = unknown
/bin/machine           = unknown
/usr/bin/oslevel       = unknown
/bin/universe          = unknown

PATH: /usr/local/sbin
PATH: /usr/local/bin
PATH: /usr/sbin
PATH: /usr/bin
PATH: /sbin
PATH: /bin
PATH: /usr/X11R6/bin


## ----------- ##
## Core tests. ##
## ----------- ##

configure:1398: checking for a BSD-compatible install
configure:1453: result: /usr/bin/install -c
configure:1464: checking whether build environment is sane
configure:1507: result: yes
configure:1540: checking for gawk
configure:1556: found /usr/bin/gawk
configure:1566: result: gawk
configure:1576: checking whether make sets $(MAKE)
configure:1596: result: yes
configure:1764: checking for style of include used by make
configure:1792: result: GNU
configure:1863: checking for gcc
configure:1879: found /usr/bin/gcc
configure:1889: result: gcc
configure:2133: checking for C compiler version
configure:2136: gcc --version </dev/null >&5
gcc (Ubuntu 4.4.1-4ubuntu9) 4.4.1
Copyright (C) 2009 Free Software Foundation, Inc.
This is free software; see the source for copying conditions.  There is NO
warranty; not even for MERCHANTABILITY or FITNESS FOR A PARTICULAR PURPOSE.

configure:2139: $? = 0
configure:2141: gcc -v </dev/null >&5
Using built-in specs.
Target: i486-linux-gnu
Configured with: ../src/configure -v --with-pkgversion='Ubuntu 4.4.1-4ubuntu9' --with-bugurl=file:///usr/share/doc/gcc-4.4/README.Bugs --enable-languages=c,c++,fortran,objc,obj-c++ --prefix=/usr --enable-shared --enable-multiarch --enable-linker-build-id --with-system-zlib --libexecdir=/usr/lib --without-included-gettext --enable-threads=posix --with-gxx-include-dir=/usr/include/c++/4.4 --program-suffix=-4.4 --enable-nls --enable-clocale=gnu --enable-libstdcxx-debug --enable-objc-gc --enable-targets=all --disable-werror --with-arch-32=i486 --with-tune=generic --enable-checking=release --build=i486-linux-gnu --host=i486-linux-gnu --target=i486-linux-gnu
Thread model: posix
gcc version 4.4.1 (Ubuntu 4.4.1-4ubuntu9) 
configure:2144: $? = 0
configure:2146: gcc -V </dev/null >&5
gcc: '-V' option must have argument
configure:2149: $? = 1
configure:2172: checking for C compiler default output file name
configure:2175: gcc    conftest.c  >&5
configure:2178: $? = 0
configure:2224: result: a.out
configure:2229: checking whether the C compiler works
configure:2235: ./a.out
configure:2238: $? = 0
configure:2255: result: yes
configure:2262: checking whether we are cross compiling
configure:2264: result: no
configure:2267: checking for suffix of executables
configure:2269: gcc -o conftest    conftest.c  >&5
configure:2272: $? = 0
configure:2297: result: 
configure:2303: checking for suffix of object files
configure:2324: gcc -c   conftest.c >&5
configure:2327: $? = 0
configure:2349: result: o
configure:2353: checking whether we are using the GNU C compiler
configure:2377: gcc -c   conftest.c >&5
configure:2383: $? = 0
configure:2386: test -z 			 || test ! -s conftest.err
configure:2389: $? = 0
configure:2392: test -s conftest.o
configure:2395: $? = 0
configure:2408: result: yes
configure:2414: checking whether gcc accepts -g
configure:2435: gcc -c -g  conftest.c >&5
configure:2441: $? = 0
configure:2444: test -z 			 || test ! -s conftest.err
configure:2447: $? = 0
configure:2450: test -s conftest.o
configure:2453: $? = 0
configure:2464: result: yes
configure:2481: checking for gcc option to accept ANSI C
configure:2551: gcc  -c -g -O2  conftest.c >&5
configure:2557: $? = 0
configure:2560: test -z 			 || test ! -s conftest.err
configure:2563: $? = 0
configure:2566: test -s conftest.o
configure:2569: $? = 0
configure:2587: result: none needed
configure:2605: gcc -c -g -O2  conftest.c >&5
conftest.c:2: error: expected '=', ',', ';', 'asm' or '__attribute__' before 'me'
configure:2611: $? = 1
configure: failed program was:
| #ifndef __cplusplus
|   choke me
| #endif
configure:2743: checking dependency style of gcc
configure:2826: result: gcc3
configure:2845: checking for strerror in -lcposix
configure:2875: gcc -o conftest -g -O2   conftest.c -lcposix   >&5
/usr/bin/ld: cannot find -lcposix
collect2: ld returned 1 exit status
configure:2881: $? = 1
configure: failed program was:
| /* confdefs.h.  */
| 
| #define PACKAGE_NAME "gimp-plugin-template"
| #define PACKAGE_TARNAME "gimp-plugin-template"
| #define PACKAGE_VERSION "2.2.0"
| #define PACKAGE_STRING "gimp-plugin-template 2.2.0"
| #define PACKAGE_BUGREPORT ""
| #define PLUGIN_NAME PACKAGE_NAME
| #define PLUGIN_VERSION PACKAGE_VERSION
| #define PLUGIN_MAJOR_VERSION 2
| #define PLUGIN_MINOR_VERSION 2
| #define PLUGIN_MICRO_VERSION 0
| /* end confdefs.h.  */
| 
| /* Override any gcc2 internal prototype to avoid an error.  */
| #ifdef __cplusplus
| extern "C"
| #endif
| /* We use char because int might match the return type of a gcc2
|    builtin and then its argument prototype would still apply.  */
| char strerror ();
| int
| main ()
| {
| strerror ();
|   ;
|   return 0;
| }
configure:2906: result: no
configure:2960: checking for gcc
configure:2986: result: gcc
configure:3230: checking for C compiler version
configure:3233: gcc --version </dev/null >&5
gcc (Ubuntu 4.4.1-4ubuntu9) 4.4.1
Copyright (C) 2009 Free Software Foundation, Inc.
This is free software; see the source for copying conditions.  There is NO
warranty; not even for MERCHANTABILITY or FITNESS FOR A PARTICULAR PURPOSE.

configure:3236: $? = 0
configure:3238: gcc -v </dev/null >&5
Using built-in specs.
Target: i486-linux-gnu
Configured with: ../src/configure -v --with-pkgversion='Ubuntu 4.4.1-4ubuntu9' --with-bugurl=file:///usr/share/doc/gcc-4.4/README.Bugs --enable-languages=c,c++,fortran,objc,obj-c++ --prefix=/usr --enable-shared --enable-multiarch --enable-linker-build-id --with-system-zlib --libexecdir=/usr/lib --without-included-gettext --enable-threads=posix --with-gxx-include-dir=/usr/include/c++/4.4 --program-suffix=-4.4 --enable-nls --enable-clocale=gnu --enable-libstdcxx-debug --enable-objc-gc --enable-targets=all --disable-werror --with-arch-32=i486 --with-tune=generic --enable-checking=release --build=i486-linux-gnu --host=i486-linux-gnu --target=i486-linux-gnu
Thread model: posix
gcc version 4.4.1 (Ubuntu 4.4.1-4ubuntu9) 
configure:3241: $? = 0
configure:3243: gcc -V </dev/null >&5
gcc: '-V' option must have argument
configure:3246: $? = 1
configure:3249: checking whether we are using the GNU C compiler
configure:3304: result: yes
configure:3310: checking whether gcc accepts -g
configure:3360: result: yes
configure:3377: checking for gcc option to accept ANSI C
configure:3483: result: none needed
configure:3501: gcc -c -g -O2  conftest.c >&5
conftest.c:2: error: expected '=', ',', ';', 'asm' or '__attribute__' before 'me'
configure:3507: $? = 1
configure: failed program was:
| #ifndef __cplusplus
|   choke me
| #endif
configure:3639: checking dependency style of gcc
configure:3722: result: gcc3
configure:3742: checking for gcc option to accept ANSI C
configure:3805: gcc  -c -g -O2  conftest.c >&5
configure:3811: $? = 0
configure:3814: test -z 			 || test ! -s conftest.err
configure:3817: $? = 0
configure:3820: test -s conftest.o
configure:3823: $? = 0
configure:3838: result: none needed
configure:3854: checking how to run the C preprocessor
configure:3889: gcc -E  conftest.c
configure:3895: $? = 0
configure:3927: gcc -E  conftest.c
conftest.c:14:28: error: ac_nonexistent.h: No such file or directory
configure:3933: $? = 1
configure: failed program was:
| /* confdefs.h.  */
| 
| #define PACKAGE_NAME "gimp-plugin-template"
| #define PACKAGE_TARNAME "gimp-plugin-template"
| #define PACKAGE_VERSION "2.2.0"
| #define PACKAGE_STRING "gimp-plugin-template 2.2.0"
| #define PACKAGE_BUGREPORT ""
| #define PLUGIN_NAME PACKAGE_NAME
| #define PLUGIN_VERSION PACKAGE_VERSION
| #define PLUGIN_MAJOR_VERSION 2
| #define PLUGIN_MINOR_VERSION 2
| #define PLUGIN_MICRO_VERSION 0
| /* end confdefs.h.  */
| #include <ac_nonexistent.h>
configure:3972: result: gcc -E
configure:3996: gcc -E  conftest.c
configure:4002: $? = 0
configure:4034: gcc -E  conftest.c
conftest.c:14:28: error: ac_nonexistent.h: No such file or directory
configure:4040: $? = 1
configure: failed program was:
| /* confdefs.h.  */
| 
| #define PACKAGE_NAME "gimp-plugin-template"
| #define PACKAGE_TARNAME "gimp-plugin-template"
| #define PACKAGE_VERSION "2.2.0"
| #define PACKAGE_STRING "gimp-plugin-template 2.2.0"
| #define PACKAGE_BUGREPORT ""
| #define PLUGIN_NAME PACKAGE_NAME
| #define PLUGIN_VERSION PACKAGE_VERSION
| #define PLUGIN_MAJOR_VERSION 2
| #define PLUGIN_MINOR_VERSION 2
| #define PLUGIN_MICRO_VERSION 0
| /* end confdefs.h.  */
| #include <ac_nonexistent.h>
configure:4084: checking for egrep
configure:4094: result: grep -E
configure:4099: checking for ANSI C header files
configure:4124: gcc -c -g -O2  conftest.c >&5
configure:4130: $? = 0
configure:4133: test -z 			 || test ! -s conftest.err
configure:4136: $? = 0
configure:4139: test -s conftest.o
configure:4142: $? = 0
configure:4231: gcc -o conftest -g -O2   conftest.c  >&5
conftest.c: In function 'main':
conftest.c:31: warning: incompatible implicit declaration of built-in function 'exit'
configure:4234: $? = 0
configure:4236: ./conftest
configure:4239: $? = 0
configure:4254: result: yes
configure:4268: checking whether to enable maintainer-specific portions of Makefiles
configure:4277: result: no
configure:4352: checking for pkg-config
configure:4370: found /usr/bin/pkg-config
configure:4382: result: /usr/bin/pkg-config
configure:4397: checking pkg-config is at least version 0.9.0
configure:4400: result: yes
configure:4411: checking for GIMP
configure:4419: $PKG_CONFIG --exists --print-errors "gimp-2.0 >= $GIMP_REQUIRED_VERSION gimpui-2.0 >= $GIMP_REQUIRED_VERSION"
configure:4422: $? = 0
configure:4437: $PKG_CONFIG --exists --print-errors "gimp-2.0 >= $GIMP_REQUIRED_VERSION gimpui-2.0 >= $GIMP_REQUIRED_VERSION"
configure:4440: $? = 0
configure:4516: result: yes
configure:4614: checking for perl
configure:4632: found /usr/bin/perl
configure:4644: result: /usr/bin/perl
configure:4662: checking for XML::Parser
configure:4665: result: ok
configure:4676: checking for iconv
configure:4694: found /usr/bin/iconv
configure:4707: result: /usr/bin/iconv
configure:4716: checking for msgfmt
configure:4734: found /usr/bin/msgfmt
configure:4747: result: /usr/bin/msgfmt
configure:4756: checking for msgmerge
configure:4774: found /usr/bin/msgmerge
configure:4787: result: /usr/bin/msgmerge
configure:4796: checking for xgettext
configure:4814: found /usr/bin/xgettext
configure:4827: result: /usr/bin/xgettext
configure:4859: checking for sys/types.h
configure:4875: gcc -c -g -O2 -Wall  conftest.c >&5
configure:4881: $? = 0
configure:4884: test -z 			 || test ! -s conftest.err
configure:4887: $? = 0
configure:4890: test -s conftest.o
configure:4893: $? = 0
configure:4904: result: yes
configure:4859: checking for sys/stat.h
configure:4875: gcc -c -g -O2 -Wall  conftest.c >&5
configure:4881: $? = 0
configure:4884: test -z 			 || test ! -s conftest.err
configure:4887: $? = 0
configure:4890: test -s conftest.o
configure:4893: $? = 0
configure:4904: result: yes
configure:4859: checking for stdlib.h
configure:4875: gcc -c -g -O2 -Wall  conftest.c >&5
configure:4881: $? = 0
configure:4884: test -z 			 || test ! -s conftest.err
configure:4887: $? = 0
configure:4890: test -s conftest.o
configure:4893: $? = 0
configure:4904: result: yes
configure:4859: checking for string.h
configure:4875: gcc -c -g -O2 -Wall  conftest.c >&5
configure:4881: $? = 0
configure:4884: test -z 			 || test ! -s conftest.err
configure:4887: $? = 0
configure:4890: test -s conftest.o
configure:4893: $? = 0
configure:4904: result: yes
configure:4859: checking for memory.h
configure:4875: gcc -c -g -O2 -Wall  conftest.c >&5
configure:4881: $? = 0
configure:4884: test -z 			 || test ! -s conftest.err
configure:4887: $? = 0
configure:4890: test -s conftest.o
configure:4893: $? = 0
configure:4904: result: yes
configure:4859: checking for strings.h
configure:4875: gcc -c -g -O2 -Wall  conftest.c >&5
configure:4881: $? = 0
configure:4884: test -z 			 || test ! -s conftest.err
configure:4887: $? = 0
configure:4890: test -s conftest.o
configure:4893: $? = 0
configure:4904: result: yes
configure:4859: checking for inttypes.h
configure:4875: gcc -c -g -O2 -Wall  conftest.c >&5
configure:4881: $? = 0
configure:4884: test -z 			 || test ! -s conftest.err
configure:4887: $? = 0
configure:4890: test -s conftest.o
configure:4893: $? = 0
configure:4904: result: yes
configure:4859: checking for stdint.h
configure:4875: gcc -c -g -O2 -Wall  conftest.c >&5
configure:4881: $? = 0
configure:4884: test -z 			 || test ! -s conftest.err
configure:4887: $? = 0
configure:4890: test -s conftest.o
configure:4893: $? = 0
configure:4904: result: yes
configure:4859: checking for unistd.h
configure:4875: gcc -c -g -O2 -Wall  conftest.c >&5
configure:4881: $? = 0
configure:4884: test -z 			 || test ! -s conftest.err
configure:4887: $? = 0
configure:4890: test -s conftest.o
configure:4893: $? = 0
configure:4904: result: yes
configure:4931: checking locale.h usability
configure:4943: gcc -c -g -O2 -Wall  conftest.c >&5
configure:4949: $? = 0
configure:4952: test -z 			 || test ! -s conftest.err
configure:4955: $? = 0
configure:4958: test -s conftest.o
configure:4961: $? = 0
configure:4971: result: yes
configure:4975: checking locale.h presence
configure:4985: gcc -E  conftest.c
configure:4991: $? = 0
configure:5011: result: yes
configure:5046: checking for locale.h
configure:5053: result: yes
configure:5067: checking for LC_MESSAGES
configure:5088: gcc -o conftest -g -O2 -Wall   conftest.c  >&5
configure:5094: $? = 0
configure:5097: test -z 			 || test ! -s conftest.err
configure:5100: $? = 0
configure:5103: test -s conftest
configure:5106: $? = 0
configure:5118: result: yes
configure:5147: checking libintl.h usability
configure:5159: gcc -c -g -O2 -Wall  conftest.c >&5
configure:5165: $? = 0
configure:5168: test -z 			 || test ! -s conftest.err
configure:5171: $? = 0
configure:5174: test -s conftest.o
configure:5177: $? = 0
configure:5187: result: yes
configure:5191: checking libintl.h presence
configure:5201: gcc -E  conftest.c
configure:5207: $? = 0
configure:5227: result: yes
configure:5262: checking for libintl.h
configure:5269: result: yes
configure:5280: checking for ngettext in libc
configure:5303: gcc -o conftest -g -O2 -Wall   conftest.c  >&5
configure:5309: $? = 0
configure:5312: test -z 			 || test ! -s conftest.err
configure:5315: $? = 0
configure:5318: test -s conftest
configure:5321: $? = 0
configure:5334: result: yes
configure:5338: checking for dgettext in libc
configure:5361: gcc -o conftest -g -O2 -Wall   conftest.c  >&5
configure:5367: $? = 0
configure:5370: test -z 			 || test ! -s conftest.err
configure:5373: $? = 0
configure:5376: test -s conftest
configure:5379: $? = 0
configure:5392: result: yes
configure:5401: checking for bind_textdomain_codeset
configure:5458: gcc -o conftest -g -O2 -Wall   conftest.c  >&5
configure:5464: $? = 0
configure:5467: test -z 			 || test ! -s conftest.err
configure:5470: $? = 0
configure:5473: test -s conftest
configure:5476: $? = 0
configure:5488: result: yes
configure:5992: checking for msgfmt
configure:6019: result: /usr/bin/msgfmt
configure:6032: checking for dcgettext
configure:6089: gcc -o conftest -g -O2 -Wall   conftest.c   >&5
conftest.c:53: warning: conflicting types for built-in function 'dcgettext'
configure:6095: $? = 0
configure:6098: test -z 			 || test ! -s conftest.err
configure:6101: $? = 0
configure:6104: test -s conftest
configure:6107: $? = 0
configure:6119: result: yes
configure:6131: checking for gmsgfmt
configure:6162: result: /usr/bin/msgfmt
configure:6171: checking for xgettext
configure:6198: result: /usr/bin/xgettext
configure:6222: gcc -o conftest -g -O2 -Wall   conftest.c   >&5
configure:6228: $? = 0
configure:6231: test -z 			 || test ! -s conftest.err
configure:6234: $? = 0
configure:6237: test -s conftest
configure:6240: $? = 0
configure:6412: checking for catalogs to be installed
configure:6437: result:  az de fr sk sv zh_TW
configure:6474: checking for bind_textdomain_codeset
configure:6561: result: yes
configure:6579: checking if GTK+ is version 2.7.0 or newer
configure:6586: result: yes
configure:6594: checking if GIMP is version 2.3.0 or newer
configure:6601: result: yes
configure:6740: creating ./config.status

## ---------------------- ##
## Running config.status. ##
## ---------------------- ##

This file was extended by gimp-plugin-template config.status 2.2.0, which was
generated by GNU Autoconf 2.59.  Invocation command line was

  CONFIG_FILES    = 
  CONFIG_HEADERS  = 
  CONFIG_LINKS    = 
  CONFIG_COMMANDS = 
  $ ./config.status 

on happy-laptop

config.status:792: creating Makefile
config.status:792: creating src/Makefile
config.status:792: creating po/Makefile.in
config.status:792: creating help/Makefile
config.status:792: creating help/en/Makefile
config.status:792: creating help/images/Makefile
config.status:858: creating config.h
config.status:986: config.h is unchanged
config.status:1166: executing depfiles commands
config.status:1166: executing intltool commands
config.status:1166: executing default-1 commands
config.status:1166: executing po/stamp-it commands

## ---------------- ##
## Cache variables. ##
## ---------------- ##

ac_cv_c_compiler_gnu=yes
ac_cv_env_CC_set=
ac_cv_env_CC_value=
ac_cv_env_CFLAGS_set=
ac_cv_env_CFLAGS_value=
ac_cv_env_CPPFLAGS_set=
ac_cv_env_CPPFLAGS_value=
ac_cv_env_CPP_set=
ac_cv_env_CPP_value=
ac_cv_env_GIMP_CFLAGS_set=
ac_cv_env_GIMP_CFLAGS_value=
ac_cv_env_GIMP_LIBS_set=
ac_cv_env_GIMP_LIBS_value=
ac_cv_env_LDFLAGS_set=
ac_cv_env_LDFLAGS_value=
ac_cv_env_PKG_CONFIG_set=
ac_cv_env_PKG_CONFIG_value=
ac_cv_env_build_alias_set=
ac_cv_env_build_alias_value=
ac_cv_env_host_alias_set=
ac_cv_env_host_alias_value=
ac_cv_env_target_alias_set=
ac_cv_env_target_alias_value=
ac_cv_exeext=
ac_cv_func_bind_textdomain_codeset=yes
ac_cv_func_dcgettext=yes
ac_cv_header_inttypes_h=yes
ac_cv_header_libintl_h=yes
ac_cv_header_locale_h=yes
ac_cv_header_memory_h=yes
ac_cv_header_stdc=yes
ac_cv_header_stdint_h=yes
ac_cv_header_stdlib_h=yes
ac_cv_header_string_h=yes
ac_cv_header_strings_h=yes
ac_cv_header_sys_stat_h=yes
ac_cv_header_sys_types_h=yes
ac_cv_header_unistd_h=yes
ac_cv_lib_cposix_strerror=no
ac_cv_objext=o
ac_cv_path_GMSGFMT=/usr/bin/msgfmt
ac_cv_path_INTLTOOL_ICONV=/usr/bin/iconv
ac_cv_path_INTLTOOL_MSGFMT=/usr/bin/msgfmt
ac_cv_path_INTLTOOL_MSGMERGE=/usr/bin/msgmerge
ac_cv_path_INTLTOOL_PERL=/usr/bin/perl
ac_cv_path_INTLTOOL_XGETTEXT=/usr/bin/xgettext
ac_cv_path_MSGFMT=/usr/bin/msgfmt
ac_cv_path_XGETTEXT=/usr/bin/xgettext
ac_cv_path_ac_pt_PKG_CONFIG=/usr/bin/pkg-config
ac_cv_path_install='/usr/bin/install -c'
ac_cv_prog_AWK=gawk
ac_cv_prog_CPP='gcc -E'
ac_cv_prog_ac_ct_CC=gcc
ac_cv_prog_cc_g=yes
ac_cv_prog_cc_stdc=
ac_cv_prog_egrep='grep -E'
ac_cv_prog_make_make_set=yes
am_cv_CC_dependencies_compiler_type=gcc3
am_cv_prog_cc_stdc=
am_cv_val_LC_MESSAGES=yes
gt_cv_func_dgettext_libc=yes
gt_cv_func_dgettext_libintl=no
gt_cv_func_ngettext_libc=yes
gt_cv_have_gettext=yes
pkg_cv_GIMP_CFLAGS='-D_REENTRANT -I/usr/local/include/gimp-2.0 -I/usr/local/include/glib-2.0 -I/usr/local/lib/glib-2.0/include -I/usr/local/include/gtk-2.0 -I/usr/local/lib/gtk-2.0/include -I/usr/include/atk-1.0 -I/usr/include/cairo -I/usr/include/pango-1.0 -I/usr/include/pixman-1 -I/usr/include/freetype2 -I/usr/include/directfb -I/usr/include/libpng12  '
pkg_cv_GIMP_LIBS='-L/usr/local/lib -lgimpui-2.0 -lgimpwidgets-2.0 -lgimpmodule-2.0 -lgimp-2.0 -lgimpmath-2.0 -lgimpconfig-2.0 -lgimpcolor-2.0 -lgimpbase-2.0 -lgtk-x11-2.0 -lgdk-x11-2.0 -latk-1.0 -lgio-2.0 -lpangoft2-1.0 -lgdk_pixbuf-2.0 -lpangocairo-1.0 -lcairo -lpango-1.0 -lfreetype -lfontconfig -lgobject-2.0 -lgmodule-2.0 -lglib-2.0  '

## ----------------- ##
## Output variables. ##
## ----------------- ##

ACLOCAL='${SHELL} /home/happy/djvu_plugin_sources/missing --run aclocal-1.7 '
ALL_LINGUAS='az de fr sk sv zh_TW'
AMDEPBACKSLASH='\'
AMDEP_FALSE='#'
AMDEP_TRUE=''
AMTAR='${SHELL} /home/happy/djvu_plugin_sources/missing --run tar'
AUTOCONF='${SHELL} /home/happy/djvu_plugin_sources/missing --run autoconf'
AUTOHEADER='${SHELL} /home/happy/djvu_plugin_sources/missing --run autoheader'
AUTOMAKE='${SHELL} /home/happy/djvu_plugin_sources/missing --run automake-1.7'
AWK='gawk'
CATALOGS=' az.gmo de.gmo fr.gmo sk.gmo sv.gmo zh_TW.gmo'
CATOBJEXT='.gmo'
CC='gcc'
CCDEPMODE='depmode=gcc3'
CFLAGS='-g -O2 -Wall'
CPP='gcc -E'
CPPFLAGS=''
CYGPATH_W='echo'
DATADIR='${datadir}/gimp-plugin-template'
DATADIRNAME='share'
DEFS='-DHAVE_CONFIG_H'
DEPDIR='.deps'
ECHO_C=''
ECHO_N='-n'
ECHO_T=''
EGREP='grep -E'
EXEEXT=''
GETTEXT_PACKAGE='gimp20-plugin-template'
GIMP_CFLAGS='-D_REENTRANT -I/usr/local/include/gimp-2.0 -I/usr/local/include/glib-2.0 -I/usr/local/lib/glib-2.0/include -I/usr/local/include/gtk-2.0 -I/usr/local/lib/gtk-2.0/include -I/usr/include/atk-1.0 -I/usr/include/cairo -I/usr/include/pango-1.0 -I/usr/include/pixman-1 -I/usr/include/freetype2 -I/usr/include/directfb -I/usr/include/libpng12  '
GIMP_LIBDIR='/usr/local/lib/gimp/2.0'
GIMP_LIBS='-L/usr/local/lib -lgimpui-2.0 -lgimpwidgets-2.0 -lgimpmodule-2.0 -lgimp-2.0 -lgimpmath-2.0 -lgimpconfig-2.0 -lgimpcolor-2.0 -lgimpbase-2.0 -lgtk-x11-2.0 -lgdk-x11-2.0 -latk-1.0 -lgio-2.0 -lpangoft2-1.0 -lgdk_pixbuf-2.0 -lpangocairo-1.0 -lcairo -lpango-1.0 -lfreetype -lfontconfig -lgobject-2.0 -lgmodule-2.0 -lglib-2.0  '
GMOFILES=' az.gmo de.gmo fr.gmo sk.gmo sv.gmo zh_TW.gmo'
GMSGFMT='/usr/bin/msgfmt'
INSTALL_DATA='${INSTALL} -m 644'
INSTALL_PROGRAM='${INSTALL}'
INSTALL_SCRIPT='${INSTALL}'
INSTALL_STRIP_PROGRAM='${SHELL} $(install_sh) -c -s'
INSTOBJEXT='.mo'
INTLLIBS=''
INTLTOOL_CAVES_RULE='%.caves:     %.caves.in     $(INTLTOOL_MERGE) $(wildcard $(top_srcdir)/po/*.po) ; LC_ALL=C $(INTLTOOL_MERGE) -d -u -c $(top_builddir)/po/.intltool-merge-cache $(top_srcdir)/po $< $@'
INTLTOOL_DESKTOP_RULE='%.desktop:   %.desktop.in   $(INTLTOOL_MERGE) $(wildcard $(top_srcdir)/po/*.po) ; LC_ALL=C $(INTLTOOL_MERGE) -d -u -c $(top_builddir)/po/.intltool-merge-cache $(top_srcdir)/po $< $@'
INTLTOOL_DIRECTORY_RULE='%.directory: %.directory.in $(INTLTOOL_MERGE) $(wildcard $(top_srcdir)/po/*.po) ; LC_ALL=C $(INTLTOOL_MERGE) -d -u -c $(top_builddir)/po/.intltool-merge-cache $(top_srcdir)/po $< $@'
INTLTOOL_EXTRACT='$(top_builddir)/intltool-extract'
INTLTOOL_ICONV='/usr/bin/iconv'
INTLTOOL_KBD_RULE='%.kbd:       %.kbd.in       $(INTLTOOL_MERGE) $(wildcard $(top_srcdir)/po/*.po) ; LC_ALL=C $(INTLTOOL_MERGE) -x -u -m -c $(top_builddir)/po/.intltool-merge-cache $(top_srcdir)/po $< $@'
INTLTOOL_KEYS_RULE='%.keys:      %.keys.in      $(INTLTOOL_MERGE) $(wildcard $(top_srcdir)/po/*.po) ; LC_ALL=C $(INTLTOOL_MERGE) -k -u -c $(top_builddir)/po/.intltool-merge-cache $(top_srcdir)/po $< $@'
INTLTOOL_MERGE='$(top_builddir)/intltool-merge'
INTLTOOL_MSGFMT='/usr/bin/msgfmt'
INTLTOOL_MSGMERGE='/usr/bin/msgmerge'
INTLTOOL_OAF_RULE='%.oaf:       %.oaf.in       $(INTLTOOL_MERGE) $(wildcard $(top_srcdir)/po/*.po) ; LC_ALL=C $(INTLTOOL_MERGE) -o -p $(top_srcdir)/po $< $@'
INTLTOOL_PERL='/usr/bin/perl'
INTLTOOL_PONG_RULE='%.pong:      %.pong.in      $(INTLTOOL_MERGE) $(wildcard $(top_srcdir)/po/*.po) ; LC_ALL=C $(INTLTOOL_MERGE) -x -u -c $(top_builddir)/po/.intltool-merge-cache $(top_srcdir)/po $< $@'
INTLTOOL_PROP_RULE='%.prop:      %.prop.in      $(INTLTOOL_MERGE) $(wildcard $(top_srcdir)/po/*.po) ; LC_ALL=C $(INTLTOOL_MERGE) -d -u -c $(top_builddir)/po/.intltool-merge-cache $(top_srcdir)/po $< $@'
INTLTOOL_SCHEMAS_RULE='%.schemas:   %.schemas.in   $(INTLTOOL_MERGE) $(wildcard $(top_srcdir)/po/*.po) ; LC_ALL=C $(INTLTOOL_MERGE) -s -u -c $(top_builddir)/po/.intltool-merge-cache $(top_srcdir)/po $< $@'
INTLTOOL_SERVER_RULE='%.server:    %.server.in    $(INTLTOOL_MERGE) $(wildcard $(top_srcdir)/po/*.po) ; LC_ALL=C $(INTLTOOL_MERGE) -o -u -c $(top_builddir)/po/.intltool-merge-cache $(top_srcdir)/po $< $@'
INTLTOOL_SERVICE_RULE='%.service: %.service.in   $(INTLTOOL_MERGE) $(wildcard $(top_srcdir)/po/*.po) ; LC_ALL=C $(INTLTOOL_MERGE) -d -u -c $(top_builddir)/po/.intltool-merge-cache $(top_srcdir)/po $< $@'
INTLTOOL_SHEET_RULE='%.sheet:     %.sheet.in     $(INTLTOOL_MERGE) $(wildcard $(top_srcdir)/po/*.po) ; LC_ALL=C $(INTLTOOL_MERGE) -x -u -c $(top_builddir)/po/.intltool-merge-cache $(top_srcdir)/po $< $@'
INTLTOOL_SOUNDLIST_RULE='%.soundlist: %.soundlist.in $(INTLTOOL_MERGE) $(wildcard $(top_srcdir)/po/*.po) ; LC_ALL=C $(INTLTOOL_MERGE) -d -u -c $(top_builddir)/po/.intltool-merge-cache $(top_srcdir)/po $< $@'
INTLTOOL_THEME_RULE='%.theme:     %.theme.in     $(INTLTOOL_MERGE) $(wildcard $(top_srcdir)/po/*.po) ; LC_ALL=C $(INTLTOOL_MERGE) -d -u -c $(top_builddir)/po/.intltool-merge-cache $(top_srcdir)/po $< $@'
INTLTOOL_UI_RULE='%.ui:        %.ui.in        $(INTLTOOL_MERGE) $(wildcard $(top_srcdir)/po/*.po) ; LC_ALL=C $(INTLTOOL_MERGE) -x -u -c $(top_builddir)/po/.intltool-merge-cache $(top_srcdir)/po $< $@'
INTLTOOL_UPDATE='$(top_builddir)/intltool-update'
INTLTOOL_XAM_RULE='%.xam:       %.xml.in       $(INTLTOOL_MERGE) $(wildcard $(top_srcdir)/po/*.po) ; LC_ALL=C $(INTLTOOL_MERGE) -x -u -c $(top_builddir)/po/.intltool-merge-cache $(top_srcdir)/po $< $@'
INTLTOOL_XGETTEXT='/usr/bin/xgettext'
INTLTOOL_XML_NOMERGE_RULE='%.xml:       %.xml.in       $(INTLTOOL_MERGE) ; LC_ALL=C $(INTLTOOL_MERGE) -x -u /tmp $< $@'
INTLTOOL_XML_RULE='%.xml:       %.xml.in       $(INTLTOOL_MERGE) $(wildcard $(top_srcdir)/po/*.po) ; LC_ALL=C $(INTLTOOL_MERGE) -x -u -c $(top_builddir)/po/.intltool-merge-cache $(top_srcdir)/po $< $@'
LDFLAGS=''
LIBOBJS=''
LIBS=''
LOCALEDIR='${datadir}/locale'
LTLIBOBJS=''
MAINT='#'
MAINTAINER_MODE_FALSE=''
MAINTAINER_MODE_TRUE='#'
MAKEINFO='${SHELL} /home/happy/djvu_plugin_sources/missing --run makeinfo'
MKINSTALLDIRS='./mkinstalldirs'
MSGFMT='/usr/bin/msgfmt'
OBJEXT='o'
PACKAGE='gimp-plugin-template'
PACKAGE_BUGREPORT=''
PACKAGE_NAME='gimp-plugin-template'
PACKAGE_STRING='gimp-plugin-template 2.2.0'
PACKAGE_TARNAME='gimp-plugin-template'
PACKAGE_VERSION='2.2.0'
PATH_SEPARATOR=':'
PKG_CONFIG='/usr/bin/pkg-config'
POFILES=' az.po de.po fr.po sk.po sv.po zh_TW.po'
POSUB='po'
PO_IN_DATADIR_FALSE=''
PO_IN_DATADIR_TRUE=''
SET_MAKE=''
SHELL='/bin/bash'
STRIP=''
USE_NLS='yes'
VERSION='2.2.0'
XGETTEXT='/usr/bin/xgettext'
ac_ct_CC='gcc'
ac_ct_STRIP=''
ac_pt_PKG_CONFIG='/usr/bin/pkg-config'
am__fastdepCC_FALSE='#'
am__fastdepCC_TRUE=''
am__include='include'
am__leading_dot='.'
am__quote=''
bindir='${exec_prefix}/bin'
build_alias=''
datadir='${prefix}/share'
exec_prefix='${prefix}'
host_alias=''
includedir='${prefix}/include'
infodir='${prefix}/info'
install_sh='/home/happy/djvu_plugin_sources/install-sh'
libdir='${exec_prefix}/lib'
libexecdir='${exec_prefix}/libexec'
localstatedir='${prefix}/var'
mandir='${prefix}/man'
oldincludedir='/usr/include'
prefix='/usr/local'
program_transform_name='s,x,x,'
sbindir='${exec_prefix}/sbin'
sharedstatedir='${prefix}/com'
sysconfdir='${prefix}/etc'
target_alias=''

## ----------- ##
## confdefs.h. ##
## ----------- ##

#define ENABLE_NLS 1
#define GETTEXT_PACKAGE "gimp20-plugin-template"
#define HAVE_BIND_TEXTDOMAIN_CODESET 1
#define HAVE_BIND_TEXTDOMAIN_CODESET 1
#define HAVE_DCGETTEXT 1
#define HAVE_GETTEXT 1
#define HAVE_INTTYPES_H 1
#define HAVE_LC_MESSAGES 1
#define HAVE_LOCALE_H 1
#define HAVE_MEMORY_H 1
#define HAVE_STDINT_H 1
#define HAVE_STDLIB_H 1
#define HAVE_STRINGS_H 1
#define HAVE_STRING_H 1
#define HAVE_SYS_STAT_H 1
#define HAVE_SYS_TYPES_H 1
#define HAVE_UNISTD_H 1
#define PACKAGE_BUGREPORT ""
#define PACKAGE_NAME "gimp-plugin-template"
#define PACKAGE_STRING "gimp-plugin-template 2.2.0"
#define PACKAGE_TARNAME "gimp-plugin-template"
#define PACKAGE_VERSION "2.2.0"
#define PLUGIN_MAJOR_VERSION 2
#define PLUGIN_MICRO_VERSION 0
#define PLUGIN_MINOR_VERSION 2
#define PLUGIN_NAME PACKAGE_NAME
#define PLUGIN_VERSION PACKAGE_VERSION
#define STDC_HEADERS 1

configure: exit 0
